{"C:\\Users\\REMY\\Desktop\\ANDELA\\alpha-ec-be\\src\\app.ts":{"path":"C:\\Users\\REMY\\Desktop\\ANDELA\\alpha-ec-be\\src\\app.ts","statementMap":{"0":{"start":{"line":2,"column":22},"end":{"line":4,"column":1}},"1":{"start":{"line":3,"column":4},"end":{"line":3,"column":62}},"2":{"start":{"line":5,"column":0},"end":{"line":5,"column":62}},"3":{"start":{"line":6,"column":18},"end":{"line":6,"column":53}},"4":{"start":{"line":7,"column":15},"end":{"line":7,"column":47}},"5":{"start":{"line":8,"column":17},"end":{"line":8,"column":51}},"6":{"start":{"line":9,"column":18},"end":{"line":9,"column":55}},"7":{"start":{"line":10,"column":0},"end":{"line":10,"column":26}},"8":{"start":{"line":11,"column":12},"end":{"line":11,"column":36}},"9":{"start":{"line":12,"column":0},"end":{"line":12,"column":31}},"10":{"start":{"line":13,"column":0},"end":{"line":13,"column":27}},"11":{"start":{"line":14,"column":0},"end":{"line":14,"column":22}}},"fnMap":{"0":{"name":"(anonymous_0)","decl":{"start":{"line":2,"column":56},"end":{"line":2,"column":57}},"loc":{"start":{"line":2,"column":71},"end":{"line":4,"column":1}},"line":2}},"branchMap":{"0":{"loc":{"start":{"line":2,"column":22},"end":{"line":4,"column":1}},"type":"binary-expr","locations":[{"start":{"line":2,"column":23},"end":{"line":2,"column":27}},{"start":{"line":2,"column":31},"end":{"line":2,"column":51}},{"start":{"line":2,"column":56},"end":{"line":4,"column":1}}],"line":2},"1":{"loc":{"start":{"line":3,"column":11},"end":{"line":3,"column":61}},"type":"cond-expr","locations":[{"start":{"line":3,"column":37},"end":{"line":3,"column":40}},{"start":{"line":3,"column":43},"end":{"line":3,"column":61}}],"line":3},"2":{"loc":{"start":{"line":3,"column":12},"end":{"line":3,"column":33}},"type":"binary-expr","locations":[{"start":{"line":3,"column":12},"end":{"line":3,"column":15}},{"start":{"line":3,"column":19},"end":{"line":3,"column":33}}],"line":3}},"s":{"0":1,"1":4,"2":1,"3":1,"4":1,"5":1,"6":1,"7":1,"8":1,"9":1,"10":1,"11":1},"f":{"0":4},"b":{"0":[1,1,1],"1":[1,3],"2":[4,4]},"inputSourceMap":{"version":3,"file":"C:/Users/REMY/Desktop/ANDELA/alpha-ec-be/src/app.ts","sources":["C:/Users/REMY/Desktop/ANDELA/alpha-ec-be/src/app.ts"],"names":[],"mappings":";;;;;AAAA,sDAA8B;AAE9B,gDAAwB;AACxB,oDAA4B;AAC5B,wDAA+B;AAC/B,gBAAM,CAAC,MAAM,EAAE,CAAC;AAChB,MAAM,GAAG,GAAG,IAAA,iBAAO,GAAE,CAAC;AAEtB,GAAG,CAAC,GAAG,CAAC,IAAA,cAAI,GAAE,CAAC,CAAC;AAChB,GAAG,CAAC,GAAG,CAAC,iBAAM,CAAC,CAAC;AAEhB,kBAAe,GAAG,CAAC","sourcesContent":["import express from \"express\";\r\nimport { Sequelize } from \"sequelize\";\r\nimport cors from \"cors\";\r\nimport dotenv from \"dotenv\";\r\nimport router from \"./routers\";\r\ndotenv.config();\r\nconst app = express();\r\n\r\napp.use(cors());\r\napp.use(router);\r\n\r\nexport default app;"]},"_coverageSchema":"1a1c01bbd47fc00a2c39e90264f33305004495a9","hash":"526f16aae51bcd12893b83e28b8be09dd677d259","contentHash":"b12ee87692f7502d149acfdfd783952b8280afe217265b69050eb31c49ec63d8"},"C:\\Users\\REMY\\Desktop\\ANDELA\\alpha-ec-be\\src\\routers\\index.ts":{"path":"C:\\Users\\REMY\\Desktop\\ANDELA\\alpha-ec-be\\src\\routers\\index.ts","statementMap":{"0":{"start":{"line":2,"column":22},"end":{"line":4,"column":1}},"1":{"start":{"line":3,"column":4},"end":{"line":3,"column":62}},"2":{"start":{"line":5,"column":0},"end":{"line":5,"column":62}},"3":{"start":{"line":6,"column":18},"end":{"line":6,"column":36}},"4":{"start":{"line":7,"column":21},"end":{"line":7,"column":61}},"5":{"start":{"line":8,"column":15},"end":{"line":8,"column":38}},"6":{"start":{"line":9,"column":16},"end":{"line":9,"column":38}},"7":{"start":{"line":10,"column":0},"end":{"line":10,"column":28}},"8":{"start":{"line":11,"column":0},"end":{"line":13,"column":3}},"9":{"start":{"line":12,"column":4},"end":{"line":12,"column":57}},"10":{"start":{"line":14,"column":0},"end":{"line":14,"column":25}}},"fnMap":{"0":{"name":"(anonymous_0)","decl":{"start":{"line":2,"column":56},"end":{"line":2,"column":57}},"loc":{"start":{"line":2,"column":71},"end":{"line":4,"column":1}},"line":2},"1":{"name":"(anonymous_1)","decl":{"start":{"line":11,"column":16},"end":{"line":11,"column":17}},"loc":{"start":{"line":11,"column":30},"end":{"line":13,"column":1}},"line":11}},"branchMap":{"0":{"loc":{"start":{"line":2,"column":22},"end":{"line":4,"column":1}},"type":"binary-expr","locations":[{"start":{"line":2,"column":23},"end":{"line":2,"column":27}},{"start":{"line":2,"column":31},"end":{"line":2,"column":51}},{"start":{"line":2,"column":56},"end":{"line":4,"column":1}}],"line":2},"1":{"loc":{"start":{"line":3,"column":11},"end":{"line":3,"column":61}},"type":"cond-expr","locations":[{"start":{"line":3,"column":37},"end":{"line":3,"column":40}},{"start":{"line":3,"column":43},"end":{"line":3,"column":61}}],"line":3},"2":{"loc":{"start":{"line":3,"column":12},"end":{"line":3,"column":33}},"type":"binary-expr","locations":[{"start":{"line":3,"column":12},"end":{"line":3,"column":15}},{"start":{"line":3,"column":19},"end":{"line":3,"column":33}}],"line":3}},"s":{"0":1,"1":1,"2":1,"3":1,"4":1,"5":1,"6":1,"7":1,"8":1,"9":1,"10":1},"f":{"0":1,"1":1},"b":{"0":[1,1,1],"1":[1,0],"2":[1,1]},"inputSourceMap":{"version":3,"file":"C:/Users/REMY/Desktop/ANDELA/alpha-ec-be/src/routers/index.ts","sources":["C:/Users/REMY/Desktop/ANDELA/alpha-ec-be/src/routers/index.ts"],"names":[],"mappings":";;;;;AAAA,qCAAoD;AACpD,8DAAuC;AAIvC,MAAM,MAAM,GAAG,IAAA,gBAAM,GAAE,CAAC;AACxB,MAAM,OAAO,GAAa,CAAC,oBAAW,CAAC,CAAC;AACxC,MAAM,CAAC,GAAG,CAAC,MAAM,EAAE,OAAO,CAAC,CAAC;AAC5B,MAAM,CAAC,GAAG,CAAC,GAAG,EAAE,CAAC,GAAY,EAAE,GAAa,EAAE,EAAE;IAC9C,GAAG,CAAC,IAAI,CAAC,EAAE,OAAO,EAAE,6BAA6B,EAAE,CAAC,CAAC;AACvD,CAAC,CAAC,CAAC;AAEH,kBAAe,MAAM,CAAC","sourcesContent":["import { Router, Request, Response } from \"express\";\r\nimport DummyRouter from \"./dummyRoute\";\r\n\r\n\r\n\r\nconst router = Router();\r\nconst routers: Router[] = [DummyRouter];\r\nrouter.use(\"/api\", routers);\r\nrouter.get(\"/\", (req: Request, res: Response) => {\r\n  res.json({ message: \"Welcome to the API!👋🏽👋🏽\" });\r\n});\r\n\r\nexport default router;\r\n"]},"_coverageSchema":"1a1c01bbd47fc00a2c39e90264f33305004495a9","hash":"0dc8cf1a67d158de11c07da81ae63729650c4924","contentHash":"177594f91b71836719631f9737bb2a2e233c6df9d38f69b0d3431ed4c6c93ff0"},"C:\\Users\\REMY\\Desktop\\ANDELA\\alpha-ec-be\\src\\routers\\dummyRoute.ts":{"path":"C:\\Users\\REMY\\Desktop\\ANDELA\\alpha-ec-be\\src\\routers\\dummyRoute.ts","statementMap":{"0":{"start":{"line":2,"column":22},"end":{"line":4,"column":1}},"1":{"start":{"line":3,"column":4},"end":{"line":3,"column":62}},"2":{"start":{"line":5,"column":0},"end":{"line":5,"column":62}},"3":{"start":{"line":6,"column":26},"end":{"line":6,"column":84}},"4":{"start":{"line":7,"column":18},"end":{"line":7,"column":36}},"5":{"start":{"line":8,"column":15},"end":{"line":8,"column":38}},"6":{"start":{"line":9,"column":0},"end":{"line":9,"column":48}},"7":{"start":{"line":10,"column":0},"end":{"line":10,"column":25}}},"fnMap":{"0":{"name":"(anonymous_0)","decl":{"start":{"line":2,"column":56},"end":{"line":2,"column":57}},"loc":{"start":{"line":2,"column":71},"end":{"line":4,"column":1}},"line":2}},"branchMap":{"0":{"loc":{"start":{"line":2,"column":22},"end":{"line":4,"column":1}},"type":"binary-expr","locations":[{"start":{"line":2,"column":23},"end":{"line":2,"column":27}},{"start":{"line":2,"column":31},"end":{"line":2,"column":51}},{"start":{"line":2,"column":56},"end":{"line":4,"column":1}}],"line":2},"1":{"loc":{"start":{"line":3,"column":11},"end":{"line":3,"column":61}},"type":"cond-expr","locations":[{"start":{"line":3,"column":37},"end":{"line":3,"column":40}},{"start":{"line":3,"column":43},"end":{"line":3,"column":61}}],"line":3},"2":{"loc":{"start":{"line":3,"column":12},"end":{"line":3,"column":33}},"type":"binary-expr","locations":[{"start":{"line":3,"column":12},"end":{"line":3,"column":15}},{"start":{"line":3,"column":19},"end":{"line":3,"column":33}}],"line":3}},"s":{"0":1,"1":1,"2":1,"3":1,"4":1,"5":1,"6":1,"7":1},"f":{"0":1},"b":{"0":[1,1,1],"1":[1,0],"2":[1,1]},"inputSourceMap":{"version":3,"file":"C:/Users/REMY/Desktop/ANDELA/alpha-ec-be/src/routers/dummyRoute.ts","sources":["C:/Users/REMY/Desktop/ANDELA/alpha-ec-be/src/routers/dummyRoute.ts"],"names":[],"mappings":";;;;;AAAA,qFAA4D;AAE5D,qCAAiC;AAEjC,MAAM,MAAM,GAAG,IAAA,gBAAM,GAAE,CAAC;AAExB,MAAM,CAAC,GAAG,CAAC,QAAQ,EAAE,yBAAY,CAAC,CAAC;AACnC,kBAAe,MAAM,CAAC","sourcesContent":["import  dummyRequest  from \"../controllers/dummyController\";\r\nimport{createServer} from \"../controllers/demo\"\r\nimport { Router } from \"express\";\r\n\r\nconst router = Router();\r\n\r\nrouter.get(\"/dummy\", dummyRequest);\r\nexport default router;\r\n"]},"_coverageSchema":"1a1c01bbd47fc00a2c39e90264f33305004495a9","hash":"62c978b918b00355921f385ec786ba2fa1ca5312","contentHash":"7778408b246de25619ec9b257155a95afb7157ad10fed2d26980ddbe315ca71e"},"C:\\Users\\REMY\\Desktop\\ANDELA\\alpha-ec-be\\src\\database\\db.ts":{"path":"C:\\Users\\REMY\\Desktop\\ANDELA\\alpha-ec-be\\src\\database\\db.ts","statementMap":{"0":{"start":{"line":2,"column":22},"end":{"line":4,"column":1}},"1":{"start":{"line":3,"column":4},"end":{"line":3,"column":62}},"2":{"start":{"line":5,"column":0},"end":{"line":5,"column":62}},"3":{"start":{"line":6,"column":20},"end":{"line":6,"column":40}},"4":{"start":{"line":7,"column":17},"end":{"line":7,"column":61}},"5":{"start":{"line":8,"column":17},"end":{"line":8,"column":53}},"6":{"start":{"line":9,"column":41},"end":{"line":9,"column":64}},"7":{"start":{"line":10,"column":18},"end":{"line":12,"column":2}},"8":{"start":{"line":13,"column":0},"end":{"line":20,"column":3}},"9":{"start":{"line":16,"column":4},"end":{"line":16,"column":65}},"10":{"start":{"line":19,"column":4},"end":{"line":19,"column":61}},"11":{"start":{"line":21,"column":15},"end":{"line":21,"column":47}},"12":{"start":{"line":22,"column":0},"end":{"line":28,"column":3}},"13":{"start":{"line":24,"column":4},"end":{"line":27,"column":5}},"14":{"start":{"line":26,"column":8},"end":{"line":26,"column":38}},"15":{"start":{"line":29,"column":17},"end":{"line":29,"column":53}},"16":{"start":{"line":30,"column":0},"end":{"line":30,"column":27}}},"fnMap":{"0":{"name":"(anonymous_0)","decl":{"start":{"line":2,"column":56},"end":{"line":2,"column":57}},"loc":{"start":{"line":2,"column":71},"end":{"line":4,"column":1}},"line":2},"1":{"name":"(anonymous_1)","decl":{"start":{"line":15,"column":10},"end":{"line":15,"column":11}},"loc":{"start":{"line":15,"column":16},"end":{"line":17,"column":1}},"line":15},"2":{"name":"(anonymous_2)","decl":{"start":{"line":18,"column":11},"end":{"line":18,"column":12}},"loc":{"start":{"line":18,"column":20},"end":{"line":20,"column":1}},"line":18},"3":{"name":"(anonymous_3)","decl":{"start":{"line":22,"column":28},"end":{"line":22,"column":29}},"loc":{"start":{"line":22,"column":37},"end":{"line":28,"column":1}},"line":22}},"branchMap":{"0":{"loc":{"start":{"line":2,"column":22},"end":{"line":4,"column":1}},"type":"binary-expr","locations":[{"start":{"line":2,"column":23},"end":{"line":2,"column":27}},{"start":{"line":2,"column":31},"end":{"line":2,"column":51}},{"start":{"line":2,"column":56},"end":{"line":4,"column":1}}],"line":2},"1":{"loc":{"start":{"line":3,"column":11},"end":{"line":3,"column":61}},"type":"cond-expr","locations":[{"start":{"line":3,"column":37},"end":{"line":3,"column":40}},{"start":{"line":3,"column":43},"end":{"line":3,"column":61}}],"line":3},"2":{"loc":{"start":{"line":3,"column":12},"end":{"line":3,"column":33}},"type":"binary-expr","locations":[{"start":{"line":3,"column":12},"end":{"line":3,"column":15}},{"start":{"line":3,"column":19},"end":{"line":3,"column":33}}],"line":3},"3":{"loc":{"start":{"line":24,"column":4},"end":{"line":27,"column":5}},"type":"if","locations":[{"start":{"line":24,"column":4},"end":{"line":27,"column":5}},{"start":{"line":24,"column":4},"end":{"line":27,"column":5}}],"line":24}},"s":{"0":1,"1":2,"2":1,"3":1,"4":1,"5":1,"6":1,"7":1,"8":1,"9":1,"10":0,"11":1,"12":1,"13":1,"14":1,"15":1,"16":1},"f":{"0":2,"1":1,"2":0,"3":1},"b":{"0":[1,1,1],"1":[1,1],"2":[2,2],"3":[1,0]},"inputSourceMap":{"version":3,"file":"C:/Users/REMY/Desktop/ANDELA/alpha-ec-be/src/database/db.ts","sources":["C:/Users/REMY/Desktop/ANDELA/alpha-ec-be/src/database/db.ts"],"names":[],"mappings":";;;;;AAAA,yCAA+C;AAC/C,8DAAiD;AACjD,sDAA8B;AAE9B,MAAM,EAAE,QAAQ,EAAE,QAAQ,EAAE,QAAQ,EAAE,GAAG,IAAA,gBAAiB,GAAE,CAAC;AAC7D,MAAM,SAAS,GAAG,IAAI,qBAAS,CAAC,QAAQ,EAAE,QAAQ,EAAE,QAAQ,EAAE;IAC5D,OAAO,EAAE,UAAU;CACpB,CAAC,CAAC;AAEH,SAAS;KACN,YAAY,EAAE;KACd,IAAI,CAAC,GAAG,EAAE;IACT,OAAO,CAAC,GAAG,CAAC,+CAA+C,CAAC,CAAC;AAC/D,CAAC,CAAC;KACD,KAAK,CAAC,CAAC,GAAG,EAAE,EAAE;IACb,OAAO,CAAC,KAAK,CAAC,oCAAoC,EAAE,GAAG,CAAC,CAAC;AAC3D,CAAC,CAAC,CAAC;AACL,MAAM,MAAM,GAAG,IAAA,gBAAM,EAAC,SAAS,CAAC,CAAC;AAEjC,MAAM,CAAC,IAAI,CAAC,MAAM,CAAC,CAAC,OAAO,CAAC,CAAC,GAAG,EAAE,EAAE;IAClC,aAAa;IACb,IAAI,MAAM,CAAC,GAAG,CAAC,CAAC,SAAS,EAAE,CAAC;QAC1B,aAAa;QACb,MAAM,CAAC,GAAG,CAAC,CAAC,SAAS,CAAC,MAAM,CAAC,CAAC;IAChC,CAAC;AACH,CAAC,CAAC,CAAC;AAEH,MAAM,QAAQ,mBAAK,SAAS,IAAK,MAAM,CAAE,CAAC;AAC1C,kBAAe,QAAQ,CAAC","sourcesContent":["import { Dialect, Sequelize } from \"sequelize\";\r\nimport getDatabaseConfig from \"../config/config\";\r\nimport Models from \"./models\";\r\n\r\nconst { username, database, password } = getDatabaseConfig();\r\nconst sequelize = new Sequelize(database, username, password, {\r\n  dialect: \"postgres\",\r\n});\r\n\r\nsequelize\r\n  .authenticate()\r\n  .then(() => {\r\n    console.log(\"Connection has been established successfully.\");\r\n  })\r\n  .catch((err) => {\r\n    console.error(\"Unable to connect to the database:\", err);\r\n  });\r\nconst models = Models(sequelize);\r\n\r\nObject.keys(models).forEach((key) => {\r\n  // @ts-ignore\r\n  if (models[key].associate) {\r\n    // @ts-ignore\r\n    models[key].associate(models);\r\n  }\r\n});\r\n\r\nconst Database = { sequelize, ...models };\r\nexport default Database;\r\n"]},"_coverageSchema":"1a1c01bbd47fc00a2c39e90264f33305004495a9","hash":"62fabc2a12750837989d68f5ee4aa241b2eff2cf","contentHash":"f5bfcab72645eeeff98b744b621ff85f84579ffbd4de6a2ea506b08e7567f221"},"C:\\Users\\REMY\\Desktop\\ANDELA\\alpha-ec-be\\src\\config\\config.js":{"path":"C:\\Users\\REMY\\Desktop\\ANDELA\\alpha-ec-be\\src\\config\\config.js","statementMap":{"0":{"start":{"line":2,"column":15},"end":{"line":2,"column":32}},"1":{"start":{"line":3,"column":0},"end":{"line":3,"column":16}},"2":{"start":{"line":4,"column":26},"end":{"line":36,"column":1}},"3":{"start":{"line":6,"column":16},"end":{"line":6,"column":53}},"4":{"start":{"line":7,"column":4},"end":{"line":35,"column":5}},"5":{"start":{"line":9,"column":12},"end":{"line":16,"column":14}},"6":{"start":{"line":18,"column":12},"end":{"line":25,"column":14}},"7":{"start":{"line":27,"column":12},"end":{"line":34,"column":14}},"8":{"start":{"line":37,"column":0},"end":{"line":37,"column":35}}},"fnMap":{"0":{"name":"(anonymous_0)","decl":{"start":{"line":4,"column":26},"end":{"line":4,"column":27}},"loc":{"start":{"line":4,"column":32},"end":{"line":36,"column":1}},"line":4}},"branchMap":{"0":{"loc":{"start":{"line":6,"column":16},"end":{"line":6,"column":53}},"type":"binary-expr","locations":[{"start":{"line":6,"column":16},"end":{"line":6,"column":36}},{"start":{"line":6,"column":40},"end":{"line":6,"column":53}}],"line":6},"1":{"loc":{"start":{"line":7,"column":4},"end":{"line":35,"column":5}},"type":"switch","locations":[{"start":{"line":8,"column":8},"end":{"line":16,"column":14}},{"start":{"line":17,"column":8},"end":{"line":25,"column":14}},{"start":{"line":26,"column":8},"end":{"line":34,"column":14}}],"line":7},"2":{"loc":{"start":{"line":10,"column":26},"end":{"line":10,"column":99}},"type":"cond-expr","locations":[{"start":{"line":10,"column":92},"end":{"line":10,"column":94}},{"start":{"line":10,"column":97},"end":{"line":10,"column":99}}],"line":10},"3":{"loc":{"start":{"line":10,"column":26},"end":{"line":10,"column":89}},"type":"binary-expr","locations":[{"start":{"line":10,"column":26},"end":{"line":10,"column":72}},{"start":{"line":10,"column":76},"end":{"line":10,"column":89}}],"line":10},"4":{"loc":{"start":{"line":11,"column":26},"end":{"line":11,"column":99}},"type":"cond-expr","locations":[{"start":{"line":11,"column":92},"end":{"line":11,"column":94}},{"start":{"line":11,"column":97},"end":{"line":11,"column":99}}],"line":11},"5":{"loc":{"start":{"line":11,"column":26},"end":{"line":11,"column":89}},"type":"binary-expr","locations":[{"start":{"line":11,"column":26},"end":{"line":11,"column":72}},{"start":{"line":11,"column":76},"end":{"line":11,"column":89}}],"line":11},"6":{"loc":{"start":{"line":12,"column":26},"end":{"line":12,"column":103}},"type":"cond-expr","locations":[{"start":{"line":12,"column":96},"end":{"line":12,"column":98}},{"start":{"line":12,"column":101},"end":{"line":12,"column":103}}],"line":12},"7":{"loc":{"start":{"line":12,"column":26},"end":{"line":12,"column":93}},"type":"binary-expr","locations":[{"start":{"line":12,"column":26},"end":{"line":12,"column":76}},{"start":{"line":12,"column":80},"end":{"line":12,"column":93}}],"line":12},"8":{"loc":{"start":{"line":13,"column":22},"end":{"line":13,"column":95}},"type":"cond-expr","locations":[{"start":{"line":13,"column":88},"end":{"line":13,"column":90}},{"start":{"line":13,"column":93},"end":{"line":13,"column":95}}],"line":13},"9":{"loc":{"start":{"line":13,"column":22},"end":{"line":13,"column":85}},"type":"binary-expr","locations":[{"start":{"line":13,"column":22},"end":{"line":13,"column":68}},{"start":{"line":13,"column":72},"end":{"line":13,"column":85}}],"line":13},"10":{"loc":{"start":{"line":14,"column":22},"end":{"line":14,"column":95}},"type":"cond-expr","locations":[{"start":{"line":14,"column":88},"end":{"line":14,"column":90}},{"start":{"line":14,"column":93},"end":{"line":14,"column":95}}],"line":14},"11":{"loc":{"start":{"line":14,"column":22},"end":{"line":14,"column":85}},"type":"binary-expr","locations":[{"start":{"line":14,"column":22},"end":{"line":14,"column":68}},{"start":{"line":14,"column":72},"end":{"line":14,"column":85}}],"line":14},"12":{"loc":{"start":{"line":19,"column":26},"end":{"line":19,"column":98}},"type":"cond-expr","locations":[{"start":{"line":19,"column":91},"end":{"line":19,"column":93}},{"start":{"line":19,"column":96},"end":{"line":19,"column":98}}],"line":19},"13":{"loc":{"start":{"line":19,"column":26},"end":{"line":19,"column":88}},"type":"binary-expr","locations":[{"start":{"line":19,"column":26},"end":{"line":19,"column":71}},{"start":{"line":19,"column":75},"end":{"line":19,"column":88}}],"line":19},"14":{"loc":{"start":{"line":20,"column":26},"end":{"line":20,"column":99}},"type":"cond-expr","locations":[{"start":{"line":20,"column":92},"end":{"line":20,"column":94}},{"start":{"line":20,"column":97},"end":{"line":20,"column":99}}],"line":20},"15":{"loc":{"start":{"line":20,"column":26},"end":{"line":20,"column":89}},"type":"binary-expr","locations":[{"start":{"line":20,"column":26},"end":{"line":20,"column":72}},{"start":{"line":20,"column":76},"end":{"line":20,"column":89}}],"line":20},"16":{"loc":{"start":{"line":21,"column":26},"end":{"line":21,"column":103}},"type":"cond-expr","locations":[{"start":{"line":21,"column":96},"end":{"line":21,"column":98}},{"start":{"line":21,"column":101},"end":{"line":21,"column":103}}],"line":21},"17":{"loc":{"start":{"line":21,"column":26},"end":{"line":21,"column":93}},"type":"binary-expr","locations":[{"start":{"line":21,"column":26},"end":{"line":21,"column":76}},{"start":{"line":21,"column":80},"end":{"line":21,"column":93}}],"line":21},"18":{"loc":{"start":{"line":22,"column":22},"end":{"line":22,"column":95}},"type":"cond-expr","locations":[{"start":{"line":22,"column":88},"end":{"line":22,"column":90}},{"start":{"line":22,"column":93},"end":{"line":22,"column":95}}],"line":22},"19":{"loc":{"start":{"line":22,"column":22},"end":{"line":22,"column":85}},"type":"binary-expr","locations":[{"start":{"line":22,"column":22},"end":{"line":22,"column":68}},{"start":{"line":22,"column":72},"end":{"line":22,"column":85}}],"line":22},"20":{"loc":{"start":{"line":23,"column":22},"end":{"line":23,"column":95}},"type":"cond-expr","locations":[{"start":{"line":23,"column":88},"end":{"line":23,"column":90}},{"start":{"line":23,"column":93},"end":{"line":23,"column":95}}],"line":23},"21":{"loc":{"start":{"line":23,"column":22},"end":{"line":23,"column":85}},"type":"binary-expr","locations":[{"start":{"line":23,"column":22},"end":{"line":23,"column":68}},{"start":{"line":23,"column":72},"end":{"line":23,"column":85}}],"line":23},"22":{"loc":{"start":{"line":28,"column":26},"end":{"line":28,"column":94}},"type":"cond-expr","locations":[{"start":{"line":28,"column":87},"end":{"line":28,"column":89}},{"start":{"line":28,"column":92},"end":{"line":28,"column":94}}],"line":28},"23":{"loc":{"start":{"line":28,"column":26},"end":{"line":28,"column":84}},"type":"binary-expr","locations":[{"start":{"line":28,"column":26},"end":{"line":28,"column":67}},{"start":{"line":28,"column":71},"end":{"line":28,"column":84}}],"line":28},"24":{"loc":{"start":{"line":29,"column":26},"end":{"line":29,"column":94}},"type":"cond-expr","locations":[{"start":{"line":29,"column":87},"end":{"line":29,"column":89}},{"start":{"line":29,"column":92},"end":{"line":29,"column":94}}],"line":29},"25":{"loc":{"start":{"line":29,"column":26},"end":{"line":29,"column":84}},"type":"binary-expr","locations":[{"start":{"line":29,"column":26},"end":{"line":29,"column":67}},{"start":{"line":29,"column":71},"end":{"line":29,"column":84}}],"line":29},"26":{"loc":{"start":{"line":30,"column":26},"end":{"line":30,"column":98}},"type":"cond-expr","locations":[{"start":{"line":30,"column":91},"end":{"line":30,"column":93}},{"start":{"line":30,"column":96},"end":{"line":30,"column":98}}],"line":30},"27":{"loc":{"start":{"line":30,"column":26},"end":{"line":30,"column":88}},"type":"binary-expr","locations":[{"start":{"line":30,"column":26},"end":{"line":30,"column":71}},{"start":{"line":30,"column":75},"end":{"line":30,"column":88}}],"line":30},"28":{"loc":{"start":{"line":31,"column":22},"end":{"line":31,"column":90}},"type":"cond-expr","locations":[{"start":{"line":31,"column":83},"end":{"line":31,"column":85}},{"start":{"line":31,"column":88},"end":{"line":31,"column":90}}],"line":31},"29":{"loc":{"start":{"line":31,"column":22},"end":{"line":31,"column":80}},"type":"binary-expr","locations":[{"start":{"line":31,"column":22},"end":{"line":31,"column":63}},{"start":{"line":31,"column":67},"end":{"line":31,"column":80}}],"line":31},"30":{"loc":{"start":{"line":32,"column":22},"end":{"line":32,"column":90}},"type":"cond-expr","locations":[{"start":{"line":32,"column":83},"end":{"line":32,"column":85}},{"start":{"line":32,"column":88},"end":{"line":32,"column":90}}],"line":32},"31":{"loc":{"start":{"line":32,"column":22},"end":{"line":32,"column":80}},"type":"binary-expr","locations":[{"start":{"line":32,"column":22},"end":{"line":32,"column":63}},{"start":{"line":32,"column":67},"end":{"line":32,"column":80}}],"line":32}},"s":{"0":1,"1":1,"2":1,"3":1,"4":1,"5":1,"6":0,"7":0,"8":1},"f":{"0":1},"b":{"0":[1,0],"1":[1,0,0],"2":[1,0],"3":[1,1],"4":[1,0],"5":[1,1],"6":[1,0],"7":[1,1],"8":[1,0],"9":[1,1],"10":[1,0],"11":[1,1],"12":[0,0],"13":[0,0],"14":[0,0],"15":[0,0],"16":[0,0],"17":[0,0],"18":[0,0],"19":[0,0],"20":[0,0],"21":[0,0],"22":[0,0],"23":[0,0],"24":[0,0],"25":[0,0],"26":[0,0],"27":[0,0],"28":[0,0],"29":[0,0],"30":[0,0],"31":[0,0]},"inputSourceMap":{"version":3,"file":"C:/Users/REMY/Desktop/ANDELA/alpha-ec-be/src/config/config.js","sources":["C:/Users/REMY/Desktop/ANDELA/alpha-ec-be/src/config/config.js"],"names":[],"mappings":";AAAA,MAAM,MAAM,GAAG,OAAO,CAAC,QAAQ,CAAC,CAAC;AACjC,MAAM,CAAC,MAAM,EAAE,CAAC;AAEhB,MAAM,iBAAiB,GAAG,GAAG,EAAE;;IAC7B,MAAM,GAAG,GAAG,OAAO,CAAC,GAAG,CAAC,QAAQ,IAAI,aAAa,CAAC;IAElD,QAAQ,GAAG,EAAE,CAAC;QACZ,KAAK,MAAM;YACT,OAAO;gBACL,QAAQ,EAAE,MAAA,OAAO,CAAC,GAAG,CAAC,kBAAkB,mCAAI,EAAE;gBAC9C,QAAQ,EAAE,MAAA,OAAO,CAAC,GAAG,CAAC,kBAAkB,mCAAI,EAAE;gBAC9C,QAAQ,EAAE,MAAA,OAAO,CAAC,GAAG,CAAC,sBAAsB,mCAAI,EAAE;gBAClD,IAAI,EAAE,MAAA,OAAO,CAAC,GAAG,CAAC,kBAAkB,mCAAI,EAAE;gBAC1C,IAAI,EAAE,MAAA,OAAO,CAAC,GAAG,CAAC,kBAAkB,mCAAI,EAAE;gBAC1C,OAAO,EAAE,UAAU;aACpB,CAAC;QACJ,KAAK,YAAY;YACf,OAAO;gBACL,QAAQ,EAAE,MAAA,OAAO,CAAC,GAAG,CAAC,iBAAiB,mCAAI,EAAE;gBAC7C,QAAQ,EAAE,MAAA,OAAO,CAAC,GAAG,CAAC,kBAAkB,mCAAI,EAAE;gBAC9C,QAAQ,EAAE,MAAA,OAAO,CAAC,GAAG,CAAC,sBAAsB,mCAAI,EAAE;gBAClD,IAAI,EAAE,MAAA,OAAO,CAAC,GAAG,CAAC,kBAAkB,mCAAI,EAAE;gBAC1C,IAAI,EAAE,MAAA,OAAO,CAAC,GAAG,CAAC,kBAAkB,mCAAI,EAAE;gBAC1C,OAAO,EAAE,UAAU;aACpB,CAAC;QACJ;YACE,OAAO;gBACL,QAAQ,EAAE,MAAA,OAAO,CAAC,GAAG,CAAC,aAAa,mCAAI,EAAE;gBACzC,QAAQ,EAAE,MAAA,OAAO,CAAC,GAAG,CAAC,aAAa,mCAAI,EAAE;gBACzC,QAAQ,EAAE,MAAA,OAAO,CAAC,GAAG,CAAC,iBAAiB,mCAAI,EAAE;gBAC7C,IAAI,EAAE,MAAA,OAAO,CAAC,GAAG,CAAC,aAAa,mCAAI,EAAE;gBACrC,IAAI,EAAE,MAAA,OAAO,CAAC,GAAG,CAAC,aAAa,mCAAI,EAAE;gBACrC,OAAO,EAAE,UAAU;aACpB,CAAC;IACN,CAAC;AACH,CAAC,CAAC;AAEF,MAAM,CAAC,OAAO,GAAG,iBAAiB,CAAC","sourcesContent":["const dotenv = require(\"dotenv\");\r\ndotenv.config();\r\n\r\nconst getDatabaseConfig = () => {\r\n  const env = process.env.NODE_ENV || \"development\";\r\n\r\n  switch (env) {\r\n    case \"test\":\r\n      return {\r\n        database: process.env.TEST_DATABASE_NAME ?? \"\",\r\n        username: process.env.TEST_DATABASE_USER ?? \"\",\r\n        password: process.env.TEST_DATABASE_PASSWORD ?? \"\",\r\n        host: process.env.TEST_DATABASE_HOST ?? \"\",\r\n        port: process.env.TEST_DATABASE_PORT ?? \"\",\r\n        dialect: \"postgres\",\r\n      };\r\n    case \"production\":\r\n      return {\r\n        database: process.env.PROD_DATABASE_URL ?? \"\",\r\n        username: process.env.PROD_DATABASE_USER ?? \"\",\r\n        password: process.env.PROD_DATABASE_PASSWORD ?? \"\",\r\n        host: process.env.PROD_DATABASE_HOST ?? \"\",\r\n        port: process.env.PROD_DATABASE_PORT ?? \"\",\r\n        dialect: \"postgres\",\r\n      };\r\n    default:\r\n      return {\r\n        database: process.env.DATABASE_NAME ?? \"\",\r\n        username: process.env.DATABASE_USER ?? \"\",\r\n        password: process.env.DATABASE_PASSWORD ?? \"\",\r\n        host: process.env.DATABASE_HOST ?? \"\",\r\n        port: process.env.DATABASE_PORT ?? \"\",\r\n        dialect: \"postgres\",\r\n      };\r\n  }\r\n};\r\n\r\nmodule.exports = getDatabaseConfig;\r\n"]},"_coverageSchema":"1a1c01bbd47fc00a2c39e90264f33305004495a9","hash":"5d2acff29942e94312ec277d778d4809621518f7","contentHash":"3579bf63a9aa9837b72ce776537987142f78108e4fb59a44d85f5cd46213c939"},"C:\\Users\\REMY\\Desktop\\ANDELA\\alpha-ec-be\\src\\database\\models\\index.ts":{"path":"C:\\Users\\REMY\\Desktop\\ANDELA\\alpha-ec-be\\src\\database\\models\\index.ts","statementMap":{"0":{"start":{"line":2,"column":22},"end":{"line":12,"column":3}},"1":{"start":{"line":3,"column":4},"end":{"line":3,"column":33}},"2":{"start":{"line":3,"column":26},"end":{"line":3,"column":33}},"3":{"start":{"line":4,"column":15},"end":{"line":4,"column":52}},"4":{"start":{"line":5,"column":4},"end":{"line":7,"column":5}},"5":{"start":{"line":6,"column":6},"end":{"line":6,"column":68}},"6":{"start":{"line":6,"column":51},"end":{"line":6,"column":63}},"7":{"start":{"line":8,"column":4},"end":{"line":8,"column":39}},"8":{"start":{"line":10,"column":4},"end":{"line":10,"column":33}},"9":{"start":{"line":10,"column":26},"end":{"line":10,"column":33}},"10":{"start":{"line":11,"column":4},"end":{"line":11,"column":17}},"11":{"start":{"line":13,"column":25},"end":{"line":17,"column":2}},"12":{"start":{"line":14,"column":4},"end":{"line":14,"column":72}},"13":{"start":{"line":16,"column":4},"end":{"line":16,"column":21}},"14":{"start":{"line":18,"column":19},"end":{"line":24,"column":1}},"15":{"start":{"line":19,"column":4},"end":{"line":19,"column":42}},"16":{"start":{"line":19,"column":31},"end":{"line":19,"column":42}},"17":{"start":{"line":20,"column":17},"end":{"line":20,"column":19}},"18":{"start":{"line":21,"column":4},"end":{"line":21,"column":141}},"19":{"start":{"line":21,"column":21},"end":{"line":21,"column":141}},"20":{"start":{"line":21,"column":40},"end":{"line":21,"column":141}},"21":{"start":{"line":21,"column":109},"end":{"line":21,"column":141}},"22":{"start":{"line":22,"column":4},"end":{"line":22,"column":36}},"23":{"start":{"line":23,"column":4},"end":{"line":23,"column":18}},"24":{"start":{"line":25,"column":0},"end":{"line":25,"column":62}},"25":{"start":{"line":26,"column":0},"end":{"line":26,"column":23}},"26":{"start":{"line":27,"column":16},"end":{"line":27,"column":48}},"27":{"start":{"line":28,"column":0},"end":{"line":28,"column":106}},"28":{"start":{"line":28,"column":79},"end":{"line":28,"column":100}},"29":{"start":{"line":29,"column":15},"end":{"line":34,"column":1}},"30":{"start":{"line":30,"column":18},"end":{"line":30,"column":49}},"31":{"start":{"line":31,"column":4},"end":{"line":33,"column":6}},"32":{"start":{"line":35,"column":0},"end":{"line":35,"column":25}}},"fnMap":{"0":{"name":"(anonymous_0)","decl":{"start":{"line":2,"column":74},"end":{"line":2,"column":75}},"loc":{"start":{"line":2,"column":96},"end":{"line":9,"column":1}},"line":2},"1":{"name":"(anonymous_1)","decl":{"start":{"line":6,"column":38},"end":{"line":6,"column":39}},"loc":{"start":{"line":6,"column":49},"end":{"line":6,"column":65}},"line":6},"2":{"name":"(anonymous_2)","decl":{"start":{"line":9,"column":6},"end":{"line":9,"column":7}},"loc":{"start":{"line":9,"column":28},"end":{"line":12,"column":1}},"line":9},"3":{"name":"(anonymous_3)","decl":{"start":{"line":13,"column":80},"end":{"line":13,"column":81}},"loc":{"start":{"line":13,"column":95},"end":{"line":15,"column":1}},"line":13},"4":{"name":"(anonymous_4)","decl":{"start":{"line":15,"column":5},"end":{"line":15,"column":6}},"loc":{"start":{"line":15,"column":20},"end":{"line":17,"column":1}},"line":15},"5":{"name":"(anonymous_5)","decl":{"start":{"line":18,"column":50},"end":{"line":18,"column":51}},"loc":{"start":{"line":18,"column":65},"end":{"line":24,"column":1}},"line":18},"6":{"name":"(anonymous_6)","decl":{"start":{"line":28,"column":65},"end":{"line":28,"column":66}},"loc":{"start":{"line":28,"column":77},"end":{"line":28,"column":102}},"line":28},"7":{"name":"(anonymous_7)","decl":{"start":{"line":29,"column":15},"end":{"line":29,"column":16}},"loc":{"start":{"line":29,"column":30},"end":{"line":34,"column":1}},"line":29}},"branchMap":{"0":{"loc":{"start":{"line":2,"column":22},"end":{"line":12,"column":3}},"type":"binary-expr","locations":[{"start":{"line":2,"column":23},"end":{"line":2,"column":27}},{"start":{"line":2,"column":31},"end":{"line":2,"column":51}},{"start":{"line":2,"column":57},"end":{"line":12,"column":2}}],"line":2},"1":{"loc":{"start":{"line":2,"column":57},"end":{"line":12,"column":2}},"type":"cond-expr","locations":[{"start":{"line":2,"column":74},"end":{"line":9,"column":1}},{"start":{"line":9,"column":6},"end":{"line":12,"column":1}}],"line":2},"2":{"loc":{"start":{"line":3,"column":4},"end":{"line":3,"column":33}},"type":"if","locations":[{"start":{"line":3,"column":4},"end":{"line":3,"column":33}},{"start":{"line":3,"column":4},"end":{"line":3,"column":33}}],"line":3},"3":{"loc":{"start":{"line":5,"column":4},"end":{"line":7,"column":5}},"type":"if","locations":[{"start":{"line":5,"column":4},"end":{"line":7,"column":5}},{"start":{"line":5,"column":4},"end":{"line":7,"column":5}}],"line":5},"4":{"loc":{"start":{"line":5,"column":8},"end":{"line":5,"column":85}},"type":"binary-expr","locations":[{"start":{"line":5,"column":8},"end":{"line":5,"column":13}},{"start":{"line":5,"column":18},"end":{"line":5,"column":84}}],"line":5},"5":{"loc":{"start":{"line":5,"column":18},"end":{"line":5,"column":84}},"type":"cond-expr","locations":[{"start":{"line":5,"column":34},"end":{"line":5,"column":47}},{"start":{"line":5,"column":50},"end":{"line":5,"column":84}}],"line":5},"6":{"loc":{"start":{"line":5,"column":50},"end":{"line":5,"column":84}},"type":"binary-expr","locations":[{"start":{"line":5,"column":50},"end":{"line":5,"column":63}},{"start":{"line":5,"column":67},"end":{"line":5,"column":84}}],"line":5},"7":{"loc":{"start":{"line":10,"column":4},"end":{"line":10,"column":33}},"type":"if","locations":[{"start":{"line":10,"column":4},"end":{"line":10,"column":33}},{"start":{"line":10,"column":4},"end":{"line":10,"column":33}}],"line":10},"8":{"loc":{"start":{"line":13,"column":25},"end":{"line":17,"column":2}},"type":"binary-expr","locations":[{"start":{"line":13,"column":26},"end":{"line":13,"column":30}},{"start":{"line":13,"column":34},"end":{"line":13,"column":57}},{"start":{"line":13,"column":63},"end":{"line":17,"column":1}}],"line":13},"9":{"loc":{"start":{"line":13,"column":63},"end":{"line":17,"column":1}},"type":"cond-expr","locations":[{"start":{"line":13,"column":80},"end":{"line":15,"column":1}},{"start":{"line":15,"column":5},"end":{"line":17,"column":1}}],"line":13},"10":{"loc":{"start":{"line":18,"column":19},"end":{"line":24,"column":1}},"type":"binary-expr","locations":[{"start":{"line":18,"column":20},"end":{"line":18,"column":24}},{"start":{"line":18,"column":28},"end":{"line":18,"column":45}},{"start":{"line":18,"column":50},"end":{"line":24,"column":1}}],"line":18},"11":{"loc":{"start":{"line":19,"column":4},"end":{"line":19,"column":42}},"type":"if","locations":[{"start":{"line":19,"column":4},"end":{"line":19,"column":42}},{"start":{"line":19,"column":4},"end":{"line":19,"column":42}}],"line":19},"12":{"loc":{"start":{"line":19,"column":8},"end":{"line":19,"column":29}},"type":"binary-expr","locations":[{"start":{"line":19,"column":8},"end":{"line":19,"column":11}},{"start":{"line":19,"column":15},"end":{"line":19,"column":29}}],"line":19},"13":{"loc":{"start":{"line":21,"column":4},"end":{"line":21,"column":141}},"type":"if","locations":[{"start":{"line":21,"column":4},"end":{"line":21,"column":141}},{"start":{"line":21,"column":4},"end":{"line":21,"column":141}}],"line":21},"14":{"loc":{"start":{"line":21,"column":40},"end":{"line":21,"column":141}},"type":"if","locations":[{"start":{"line":21,"column":40},"end":{"line":21,"column":141}},{"start":{"line":21,"column":40},"end":{"line":21,"column":141}}],"line":21},"15":{"loc":{"start":{"line":21,"column":44},"end":{"line":21,"column":107}},"type":"binary-expr","locations":[{"start":{"line":21,"column":44},"end":{"line":21,"column":59}},{"start":{"line":21,"column":63},"end":{"line":21,"column":107}}],"line":21}},"s":{"0":1,"1":0,"2":0,"3":0,"4":0,"5":0,"6":0,"7":0,"8":0,"9":0,"10":0,"11":1,"12":0,"13":0,"14":1,"15":1,"16":1,"17":0,"18":0,"19":0,"20":0,"21":0,"22":0,"23":0,"24":1,"25":1,"26":1,"27":1,"28":0,"29":1,"30":1,"31":1,"32":1},"f":{"0":0,"1":0,"2":0,"3":0,"4":0,"5":1,"6":0,"7":1},"b":{"0":[1,1,1],"1":[1,0],"2":[0,0],"3":[0,0],"4":[0,0],"5":[0,0],"6":[0,0],"7":[0,0],"8":[1,1,1],"9":[1,0],"10":[1,1,1],"11":[1,0],"12":[1,1],"13":[0,0],"14":[0,0],"15":[0,0]},"inputSourceMap":{"version":3,"file":"C:/Users/REMY/Desktop/ANDELA/alpha-ec-be/src/database/models/index.ts","sources":["C:/Users/REMY/Desktop/ANDELA/alpha-ec-be/src/database/models/index.ts"],"names":[],"mappings":";;;;;;;;;;;;;;;;;;;;;;;;;;AAAA,iDAA4C;AAEnC,sFAFY,aAAK,OAEZ;AAEd,MAAM,MAAM,GAAG,CAAC,SAAoB,EAAE,EAAE;IACtC,MAAM,KAAK,GAAG,IAAA,eAAU,EAAC,SAAS,CAAC,CAAC;IAEpC,OAAO;QACL,KAAK;KACN,CAAC;AACJ,CAAC,CAAC;AACF,kBAAe,MAAM,CAAC","sourcesContent":["import DummyModel, { Dummy } from \"./dummy\";\r\nimport { Sequelize } from \"sequelize\";\r\nexport { Dummy };\r\n\r\nconst Models = (sequelize: Sequelize) => {\r\n  const Dummy = DummyModel(sequelize);\r\n\r\n  return {\r\n    Dummy,\r\n  };\r\n};\r\nexport default Models;\r\n"]},"_coverageSchema":"1a1c01bbd47fc00a2c39e90264f33305004495a9","hash":"58af5fe2770ccce716d772a0a7a31c6270099254","contentHash":"4d4a08ffca60733d328d6947934349ecd1f16630b6c23e75e15f6c5837838ab8"},"C:\\Users\\REMY\\Desktop\\ANDELA\\alpha-ec-be\\src\\database\\models\\dummy.ts":{"path":"C:\\Users\\REMY\\Desktop\\ANDELA\\alpha-ec-be\\src\\database\\models\\dummy.ts","statementMap":{"0":{"start":{"line":2,"column":0},"end":{"line":2,"column":62}},"1":{"start":{"line":3,"column":0},"end":{"line":3,"column":23}},"2":{"start":{"line":4,"column":20},"end":{"line":4,"column":40}},"3":{"start":{"line":8,"column":8},"end":{"line":14,"column":10}},"4":{"start":{"line":17,"column":0},"end":{"line":17,"column":22}},"5":{"start":{"line":18,"column":19},"end":{"line":35,"column":1}},"6":{"start":{"line":19,"column":4},"end":{"line":33,"column":7}},"7":{"start":{"line":34,"column":4},"end":{"line":34,"column":17}},"8":{"start":{"line":36,"column":0},"end":{"line":36,"column":29}}},"fnMap":{"0":{"name":"(anonymous_0)","decl":{"start":{"line":6,"column":4},"end":{"line":6,"column":5}},"loc":{"start":{"line":6,"column":28},"end":{"line":6,"column":31}},"line":6},"1":{"name":"(anonymous_1)","decl":{"start":{"line":7,"column":4},"end":{"line":7,"column":5}},"loc":{"start":{"line":7,"column":13},"end":{"line":15,"column":5}},"line":7},"2":{"name":"(anonymous_2)","decl":{"start":{"line":18,"column":19},"end":{"line":18,"column":20}},"loc":{"start":{"line":18,"column":34},"end":{"line":35,"column":1}},"line":18}},"branchMap":{},"s":{"0":1,"1":1,"2":1,"3":0,"4":1,"5":1,"6":1,"7":1,"8":1},"f":{"0":1,"1":0,"2":1},"b":{},"inputSourceMap":{"version":3,"file":"C:/Users/REMY/Desktop/ANDELA/alpha-ec-be/src/database/models/dummy.ts","sources":["C:/Users/REMY/Desktop/ANDELA/alpha-ec-be/src/database/models/dummy.ts"],"names":[],"mappings":";;;AAAA,yCAAkE;AAYlE,MAAa,KAAM,SAAQ,iBAA6C;IAO/D,MAAM,CAAC,SAAS,CAAC,KAAU,IAAG,CAAC;IACtC,MAAM;QACJ,OAAO;YACL,EAAE,EAAE,IAAI,CAAC,EAAE;YACX,IAAI,EAAE,IAAI,CAAC,IAAI;YACf,KAAK,EAAE,IAAI,CAAC,KAAK;YACjB,SAAS,EAAE,IAAI,CAAC,SAAS;YACzB,SAAS,EAAE,IAAI,CAAC,SAAS;SAC1B,CAAC;IACJ,CAAC;CACF;AAjBD,sBAiBC;AAED,MAAM,UAAU,GAAG,CAAC,SAAoB,EAAE,EAAE;IAC1C,KAAK,CAAC,IAAI,CACR;QACE,EAAE,EAAE;YACF,IAAI,EAAE,qBAAS,CAAC,IAAI;YACpB,YAAY,EAAE,qBAAS,CAAC,MAAM;YAC9B,UAAU,EAAE,IAAI;SACjB;QACD,IAAI,EAAE,qBAAS,CAAC,MAAM;QACtB,KAAK,EAAE,qBAAS,CAAC,MAAM;QACvB,SAAS,EAAE,qBAAS,CAAC,IAAI;QACzB,SAAS,EAAE,qBAAS,CAAC,IAAI;KAC1B,EACD;QACE,SAAS;QACT,SAAS,EAAE,OAAO;QAClB,UAAU,EAAE,IAAI;KACjB,CACF,CAAC;IAEF,OAAO,KAAK,CAAC;AACf,CAAC,CAAC;AAEF,kBAAe,UAAU,CAAC","sourcesContent":["import { Sequelize, Model, DataTypes, Optional } from \"sequelize\";\r\n// Define User model interface\r\ninterface UserAttributes {\r\n  id: string;\r\n  name: string;\r\n  email: string;\r\n  createdAt: Date;\r\n  updatedAt: Date;\r\n}\r\n\r\ninterface UserCreationAttributes extends Optional<UserAttributes, \"id\"> {}\r\n\r\nexport class Dummy extends Model<UserAttributes, UserCreationAttributes> {\r\n  declare id: string;\r\n  declare name: string;\r\n  declare email: string;\r\n  declare createdAt: Date;\r\n  declare updatedAt: Date;\r\n\r\n  public static associate(model: any) {}\r\n  toJSON() {\r\n    return {\r\n      id: this.id,\r\n      name: this.name,\r\n      email: this.email,\r\n      createdAt: this.createdAt,\r\n      updatedAt: this.updatedAt,\r\n    };\r\n  }\r\n}\r\n\r\nconst DummyModel = (sequelize: Sequelize) => {\r\n  Dummy.init(\r\n    {\r\n      id: {\r\n        type: DataTypes.UUID,\r\n        defaultValue: DataTypes.UUIDV4,\r\n        primaryKey: true,\r\n      },\r\n      name: DataTypes.STRING,\r\n      email: DataTypes.STRING,\r\n      createdAt: DataTypes.DATE,\r\n      updatedAt: DataTypes.DATE,\r\n    },\r\n    {\r\n      sequelize,\r\n      modelName: \"Dummy\",\r\n      timestamps: true,\r\n    }\r\n  );\r\n\r\n  return Dummy;\r\n};\r\n\r\nexport default DummyModel;\r\n"]},"_coverageSchema":"1a1c01bbd47fc00a2c39e90264f33305004495a9","hash":"056c62fea97438c331e623e02759461d49821c9f","contentHash":"face68645d0deca472826e38384b9848186b65d6c85be19a8ccccb046f935d53"}}